Build started 28.02.2024 15:38:29.
     1>Project "C:\component c\BucketSort\AssemblyFiles\Windows\VisualStudio_10\BucketSort.vcxproj" on node 2 (build target(s)).
     1>InitializeBuildStatus:
         Creating "BucketSort\DynamicDebug\BucketSort.unsuccessfulbuild" because "AlwaysCreate" was specified.
       ClCompile:
         C:\Program Files (x86)\Microsoft Visual Studio 10.0\VC\bin\CL.exe /c /I..\..\..\HeaderFiles /I..\..\..\SharedFiles /I"C:\component c\Eco.Framework\Eco.Core1\SharedFiles" /I"C:\component c\Eco.Framework\Eco.InterfaceBus1\SharedFiles" /I"C:\component c\Eco.Framework\Eco.System1\SharedFiles" /I"C:\component c\Eco.Framework\Eco.MemoryManager1\SharedFiles" /I"C:\component c\Eco.Framework\Eco.FileSystemManagement1\SharedFiles" /I"C:\component c\Eco.Framework\Eco.List1\SharedFiles" /ZI /nologo /W3 /WX- /Od /Oy- /D WIN32 /D _DEBUG /D _WINDOWS /D ECO_WINDOWS /D ECO_WIN32 /D UGUID_UTILITY /D ECO_DLL /D _WINDLL /D _UNICODE /D UNICODE /Gm /EHsc /RTC1 /MTd /GS /fp:precise /Zc:wchar_t /Zc:forScope /Fo"BucketSort\DynamicDebug\\" /Fd"BucketSort\DynamicDebug\vc100.pdb" /Gz /TC /analyze- /errorReport:prompt ..\..\..\SourceFiles\CBucketSort.c ..\..\..\SourceFiles\CBucketSortFactory.c
         CBucketSortFactory.c
         CBucketSort.c
         Generating Code...
       MakeDirsForLink:
         Creating directory "C:\component c\BucketSort\AssemblyFiles\Windows\VisualStudio_10\..\..\..\BuildFiles\Windows\x86\DynamicDebug".
     1>C:\Program Files (x86)\MSBuild\Microsoft.Cpp\v4.0\Microsoft.CppBuild.targets(990,5): warning MSB8012: TargetPath(C:\component c\BucketSort\AssemblyFiles\Windows\VisualStudio_10\BucketSort\DynamicDebug\6343D68AB28A4F8FABE90F23A040FC88.dll) does not match the Linker's OutputFile property value (C:\component c\BucketSort\BuildFiles\Windows\x86\DynamicDebug\6343D68AB28A4F8FABE90F23A040FC88.dll). This may cause your project to build incorrectly. To correct this, please make sure that $(OutDir), $(TargetName) and $(TargetExt) property values match the value specified in %(Link.OutputFile).
       Link:
         C:\Program Files (x86)\Microsoft Visual Studio 10.0\VC\bin\link.exe /ERRORREPORT:PROMPT /OUT:"..\..\..\BuildFiles\Windows\x86\DynamicDebug\6343D68AB28A4F8FABE90F23A040FC88.dll" /NOLOGO kernel32.lib user32.lib gdi32.lib winspool.lib comdlg32.lib advapi32.lib shell32.lib ole32.lib oleaut32.lib uuid.lib odbc32.lib odbccp32.lib /MANIFEST /ManifestFile:"BucketSort\DynamicDebug\6343D68AB28A4F8FABE90F23A040FC88.dll.intermediate.manifest" /MANIFESTUAC:"level='asInvoker' uiAccess='false'" /DEBUG /PDB:"C:\component c\BucketSort\AssemblyFiles\Windows\VisualStudio_10\BucketSort\DynamicDebug\6343D68AB28A4F8FABE90F23A040FC88.pdb" /SUBSYSTEM:WINDOWS /TLBID:1 /DYNAMICBASE /NXCOMPAT /IMPLIB:"C:\component c\BucketSort\AssemblyFiles\Windows\VisualStudio_10\BucketSort\DynamicDebug\6343D68AB28A4F8FABE90F23A040FC88.lib" /MACHINE:X86 /DLL BucketSort\DynamicDebug\CBucketSort.obj
         BucketSort\DynamicDebug\CBucketSortFactory.obj
            Creating library C:\component c\BucketSort\AssemblyFiles\Windows\VisualStudio_10\BucketSort\DynamicDebug\6343D68AB28A4F8FABE90F23A040FC88.lib and object C:\component c\BucketSort\AssemblyFiles\Windows\VisualStudio_10\BucketSort\DynamicDebug\6343D68AB28A4F8FABE90F23A040FC88.exp
         BucketSort.vcxproj -> C:\component c\BucketSort\AssemblyFiles\Windows\VisualStudio_10\BucketSort\DynamicDebug\6343D68AB28A4F8FABE90F23A040FC88.dll
       Manifest:
         C:\Program Files (x86)\Microsoft SDKs\Windows\v7.0A\bin\mt.exe /nologo /verbose /outputresource:"..\..\..\BuildFiles\Windows\x86\DynamicDebug\6343D68AB28A4F8FABE90F23A040FC88.dll;#2" /manifest BucketSort\DynamicDebug\6343D68AB28A4F8FABE90F23A040FC88.dll.intermediate.manifest
       FinalizeBuildStatus:
         Deleting file "BucketSort\DynamicDebug\BucketSort.unsuccessfulbuild".
         Touching "BucketSort\DynamicDebug\BucketSort.lastbuildstate".
     1>Done Building Project "C:\component c\BucketSort\AssemblyFiles\Windows\VisualStudio_10\BucketSort.vcxproj" (build target(s)).

Build succeeded.

Time Elapsed 00:00:02.10
